Command line:
   progcounter_isim_beh.exe
     -simmode  gui
     -simrunnum  0
     -socket  35457

Sun Apr 03 12:23:15 2016


 Elaboration Time: 0.03125 sec

 Current Memory Usage: 361.591 Meg

 Total Signals          : 3
 Total Nets             : 65
 Total Signal Drivers   : 1
 Total Blocks           : 3
 Total Primitive Blocks : 3
 Total Processes        : 1
 Total Traceable Variables  : 13
 Total Scalar Nets and Variables : 548
Total Line Count : 2

 Total Simulation Time: 0.109375 sec

 Current Memory Usage: 361.591 Meg

Sun Apr 03 12:27:54 2016

