--------------------------------------------------------------------------------
Release 14.7 Trace  (nt64)
Copyright (c) 1995-2013 Xilinx, Inc.  All rights reserved.

C:\Xilinx\14.7\ISE_DS\ISE\bin\nt64\unwrapped\trce.exe -intstyle ise -v 3 -s 3
-n 3 -fastpaths -xml muxa.twx muxa.ncd -o muxa.twr muxa.pcf

Design file:              muxa.ncd
Physical constraint file: muxa.pcf
Device,package,speed:     xc7a100t,csg324,C,-3 (PRODUCTION 1.10 2013-10-13)
Report level:             verbose report

Environment Variable      Effect 
--------------------      ------ 
NONE                      No environment variables were set
--------------------------------------------------------------------------------

INFO:Timing:2698 - No timing constraints found, doing default enumeration.
INFO:Timing:3412 - To improve timing, see the Timing Closure User Guide (UG612).
INFO:Timing:2752 - To get complete path coverage, use the unconstrained paths 
   option. All paths that are not constrained will be reported in the 
   unconstrained paths section(s) of the report.
INFO:Timing:3339 - The clock-to-out numbers in this timing report are based on 
   a 50 Ohm transmission line loading model.  For the details of this model, 
   and for more information on accounting for different loading conditions, 
   please see the device datasheet.



Data Sheet report:
-----------------
All values displayed in nanoseconds (ns)

Pad to Pad
---------------+---------------+---------+
Source Pad     |Destination Pad|  Delay  |
---------------+---------------+---------+
I0a<0>         |O_muxa<0>      |    5.379|
I0a<1>         |O_muxa<1>      |    5.481|
I0a<2>         |O_muxa<2>      |    5.636|
I0a<3>         |O_muxa<3>      |    5.217|
I1a<0>         |O_muxa<0>      |    5.447|
I1a<1>         |O_muxa<1>      |    5.055|
I1a<2>         |O_muxa<2>      |    5.572|
I1a<3>         |O_muxa<3>      |    5.316|
Sel_muxa       |O_muxa<0>      |    5.510|
Sel_muxa       |O_muxa<1>      |    5.342|
Sel_muxa       |O_muxa<2>      |    5.439|
Sel_muxa       |O_muxa<3>      |    5.358|
---------------+---------------+---------+


Analysis completed Fri Mar 11 20:07:32 2016 
--------------------------------------------------------------------------------

Trace Settings:
-------------------------
Trace Settings 

Peak Memory Usage: 611 MB



