Command line:
   add4_isim_beh.exe
     -simmode  gui
     -simrunnum  0
     -socket  35436

Sun Apr 03 12:22:37 2016


 Elaboration Time: 0.046875 sec

 Current Memory Usage: 361.652 Meg

 Total Signals          : 2
 Total Nets             : 64
 Total Signal Drivers   : 1
 Total Blocks           : 3
 Total Primitive Blocks : 3
 Total Processes        : 1
 Total Traceable Variables  : 13
 Total Scalar Nets and Variables : 547
Total Line Count : 1

 Total Simulation Time: 0.046875 sec

 Current Memory Usage: 361.652 Meg

Sun Apr 03 12:23:02 2016

