Command line:
   datamem_isim_beh.exe
     -simmode  gui
     -simrunnum  0
     -socket  58983

Thu Mar 31 09:56:53 2016


 Elaboration Time: 0.0625 sec

 Current Memory Usage: 357.478 Meg

 Total Signals          : 8
 Total Nets             : 1096
 Total Signal Drivers   : 2
 Total Blocks           : 3
 Total Primitive Blocks : 3
 Total Processes        : 2
 Total Traceable Variables  : 13
 Total Scalar Nets and Variables : 1579
Total Line Count : 9

 Total Simulation Time: 0.359375 sec

 Current Memory Usage: 357.478 Meg

Thu Mar 31 10:11:49 2016

